<?xml version="1.0" encoding="UTF-8"?>
<!-- Generated by org.testng.reporters.JUnitXMLReporter -->
<testsuite hostname="user4-PC" ignored="1" name="Default test(failed)(failed)" tests="4" failures="4" timestamp="20 May 2020 06:56:07 GMT" time="0.109" errors="0">
  <testcase name="correctUser" time="0.031" classname="login.test.FBLogin">
    <failure type="java.lang.NullPointerException">
      <![CDATA[java.lang.NullPointerException
at login.test.FBLogin.correctUser(FBLogin.java:40)
... Removed 25 stack frames]]>
    </failure>
  </testcase> <!-- correctUser -->
  <testcase name="correctPass" time="0.016" classname="login.test.FBLogin">
    <failure type="java.lang.NullPointerException">
      <![CDATA[java.lang.NullPointerException
at login.test.FBLogin.correctPass(FBLogin.java:55)
... Removed 25 stack frames]]>
    </failure>
  </testcase> <!-- correctPass -->
  <testcase name="incorrectUserPass" time="0.0" classname="login.test.FBLogin">
    <failure type="java.lang.NullPointerException">
      <![CDATA[java.lang.NullPointerException
at login.test.FBLogin.incorrectUserPass(FBLogin.java:70)
... Removed 25 stack frames]]>
    </failure>
  </testcase> <!-- incorrectUserPass -->
  <testcase name="correctUserPass" time="0.0" classname="login.test.FBLogin">
    <failure type="java.lang.NullPointerException">
      <![CDATA[java.lang.NullPointerException
at login.test.FBLogin.correctUserPass(FBLogin.java:24)
... Removed 25 stack frames]]>
    </failure>
  </testcase> <!-- correctUserPass -->
  <testcase name="browserLaunch" time="0.0" classname="login.test.FBLogin">
    <ignored/>
  </testcase> <!-- browserLaunch -->
</testsuite> <!-- Default test(failed)(failed) -->
